2013-06-06 19:53:38,419 [Worker-13] INFO  o.a.c.httpclient.HttpMethodDirector - I/O exception (java.net.ConnectException) caught when processing request: Operation timed out
2013-06-06 19:53:38,446 [Worker-13] INFO  o.a.c.httpclient.HttpMethodDirector - Retrying request
2013-06-06 19:54:54,169 [Worker-13] INFO  o.a.c.httpclient.HttpMethodDirector - I/O exception (java.net.ConnectException) caught when processing request: Operation timed out
2013-06-06 19:54:54,169 [Worker-13] INFO  o.a.c.httpclient.HttpMethodDirector - Retrying request
2013-06-06 19:56:12,003 [Worker-13] INFO  o.a.c.httpclient.HttpMethodDirector - I/O exception (java.net.ConnectException) caught when processing request: Operation timed out
2013-06-06 19:56:12,043 [Worker-13] INFO  o.a.c.httpclient.HttpMethodDirector - Retrying request
2013-06-06 19:57:38,555 [main] WARN  o.a.c.httpclient.HttpConnection - HttpConnectionManager is null.  Connection cannot be released.
2013-06-06 19:59:28,622 [Worker-13] WARN  o.a.c.httpclient.HttpConnection - HttpConnectionManager is null.  Connection cannot be released.
2013-06-06 20:08:13,876 [Worker-15] INFO  o.a.c.httpclient.HttpMethodDirector - I/O exception (java.net.ConnectException) caught when processing request: Operation timed out
2013-06-06 20:08:13,912 [Worker-15] INFO  o.a.c.httpclient.HttpMethodDirector - Retrying request
2013-06-06 20:09:29,791 [Worker-15] INFO  o.a.c.httpclient.HttpMethodDirector - I/O exception (java.net.ConnectException) caught when processing request: Operation timed out
2013-06-06 20:09:29,791 [Worker-15] INFO  o.a.c.httpclient.HttpMethodDirector - Retrying request
2013-06-06 20:10:45,925 [Worker-15] INFO  o.a.c.httpclient.HttpMethodDirector - I/O exception (java.net.ConnectException) caught when processing request: Operation timed out
2013-06-06 20:10:45,925 [Worker-15] INFO  o.a.c.httpclient.HttpMethodDirector - Retrying request
2013-06-06 20:13:18,138 [Worker-15] INFO  o.a.c.httpclient.HttpMethodDirector - I/O exception (java.net.ConnectException) caught when processing request: Operation timed out
2013-06-06 20:13:18,138 [Worker-15] INFO  o.a.c.httpclient.HttpMethodDirector - Retrying request
2013-06-06 20:14:34,044 [Worker-15] INFO  o.a.c.httpclient.HttpMethodDirector - I/O exception (java.net.ConnectException) caught when processing request: Operation timed out
2013-06-06 20:14:34,045 [Worker-15] INFO  o.a.c.httpclient.HttpMethodDirector - Retrying request
2013-06-07 20:53:48,893 [Worker-56] INFO  o.a.c.httpclient.HttpMethodDirector - I/O exception (java.net.ConnectException) caught when processing request: Operation timed out
2013-06-07 20:53:48,939 [Worker-56] INFO  o.a.c.httpclient.HttpMethodDirector - Retrying request
2013-06-07 20:55:04,737 [Worker-56] INFO  o.a.c.httpclient.HttpMethodDirector - I/O exception (java.net.ConnectException) caught when processing request: Operation timed out
2013-06-07 20:55:04,737 [Worker-56] INFO  o.a.c.httpclient.HttpMethodDirector - Retrying request
2013-06-07 20:56:21,409 [Worker-56] INFO  o.a.c.httpclient.HttpMethodDirector - I/O exception (java.net.ConnectException) caught when processing request: Operation timed out
2013-06-07 20:56:21,416 [Worker-56] INFO  o.a.c.httpclient.HttpMethodDirector - Retrying request
2013-06-07 20:58:55,491 [Worker-56] INFO  o.a.c.httpclient.HttpMethodDirector - I/O exception (java.net.ConnectException) caught when processing request: Operation timed out
2013-06-07 20:58:55,516 [Worker-56] INFO  o.a.c.httpclient.HttpMethodDirector - Retrying request
2013-06-07 21:00:12,062 [Worker-56] INFO  o.a.c.httpclient.HttpMethodDirector - I/O exception (java.net.ConnectException) caught when processing request: Operation timed out
2013-06-07 21:00:12,071 [Worker-56] INFO  o.a.c.httpclient.HttpMethodDirector - Retrying request
2013-06-07 21:01:29,098 [Worker-56] INFO  o.a.c.httpclient.HttpMethodDirector - I/O exception (java.net.ConnectException) caught when processing request: Operation timed out
2013-06-07 21:01:29,126 [Worker-56] INFO  o.a.c.httpclient.HttpMethodDirector - Retrying request
2013-06-07 21:04:01,450 [Worker-63] INFO  o.a.c.httpclient.HttpMethodDirector - I/O exception (java.net.ConnectException) caught when processing request: Operation timed out
2013-06-07 21:04:01,570 [Worker-63] INFO  o.a.c.httpclient.HttpMethodDirector - Retrying request
2013-06-07 21:05:17,922 [Worker-63] INFO  o.a.c.httpclient.HttpMethodDirector - I/O exception (java.net.ConnectException) caught when processing request: Operation timed out
2013-06-07 21:05:17,922 [Worker-63] INFO  o.a.c.httpclient.HttpMethodDirector - Retrying request
2013-06-07 21:06:34,403 [Worker-63] INFO  o.a.c.httpclient.HttpMethodDirector - I/O exception (java.net.ConnectException) caught when processing request: Operation timed out
2013-06-07 21:06:34,403 [Worker-63] INFO  o.a.c.httpclient.HttpMethodDirector - Retrying request
2013-06-07 21:09:08,134 [Worker-67] INFO  o.a.c.httpclient.HttpMethodDirector - I/O exception (java.net.ConnectException) caught when processing request: Operation timed out
2013-06-07 21:09:08,134 [Worker-67] INFO  o.a.c.httpclient.HttpMethodDirector - Retrying request
2013-06-07 21:12:24,828 [Worker-65] INFO  o.a.c.httpclient.HttpMethodDirector - I/O exception (java.net.ConnectException) caught when processing request: Operation timed out
2013-06-07 21:12:24,828 [Worker-65] INFO  o.a.c.httpclient.HttpMethodDirector - Retrying request
2013-06-07 21:13:41,061 [Worker-65] INFO  o.a.c.httpclient.HttpMethodDirector - I/O exception (java.net.ConnectException) caught when processing request: Operation timed out
2013-06-07 21:13:41,061 [Worker-65] INFO  o.a.c.httpclient.HttpMethodDirector - Retrying request
2013-06-07 21:14:57,756 [Worker-65] INFO  o.a.c.httpclient.HttpMethodDirector - I/O exception (java.net.ConnectException) caught when processing request: Operation timed out
2013-06-07 21:14:57,756 [Worker-65] INFO  o.a.c.httpclient.HttpMethodDirector - Retrying request
2013-06-07 21:17:32,706 [Worker-65] INFO  o.a.c.httpclient.HttpMethodDirector - I/O exception (java.net.ConnectException) caught when processing request: Operation timed out
2013-06-07 21:17:32,706 [Worker-65] INFO  o.a.c.httpclient.HttpMethodDirector - Retrying request
2013-06-07 21:18:48,899 [Worker-65] INFO  o.a.c.httpclient.HttpMethodDirector - I/O exception (java.net.ConnectException) caught when processing request: Operation timed out
2013-06-07 21:18:48,899 [Worker-65] INFO  o.a.c.httpclient.HttpMethodDirector - Retrying request
2013-06-07 21:20:05,841 [Worker-65] INFO  o.a.c.httpclient.HttpMethodDirector - I/O exception (java.net.ConnectException) caught when processing request: Operation timed out
2013-06-07 21:20:05,841 [Worker-65] INFO  o.a.c.httpclient.HttpMethodDirector - Retrying request
2013-06-07 21:22:39,104 [Worker-71] INFO  o.a.c.httpclient.HttpMethodDirector - I/O exception (java.net.ConnectException) caught when processing request: Operation timed out
2013-06-07 21:22:39,105 [Worker-71] INFO  o.a.c.httpclient.HttpMethodDirector - Retrying request
2013-06-07 21:23:55,192 [Worker-71] INFO  o.a.c.httpclient.HttpMethodDirector - I/O exception (java.net.ConnectException) caught when processing request: Operation timed out
2013-06-07 21:23:55,192 [Worker-71] INFO  o.a.c.httpclient.HttpMethodDirector - Retrying request
2013-06-07 21:25:12,039 [Worker-71] INFO  o.a.c.httpclient.HttpMethodDirector - I/O exception (java.net.ConnectException) caught when processing request: Operation timed out
2013-06-07 21:25:12,039 [Worker-71] INFO  o.a.c.httpclient.HttpMethodDirector - Retrying request
2013-06-07 21:27:44,471 [Worker-63] INFO  o.a.c.httpclient.HttpMethodDirector - I/O exception (java.net.ConnectException) caught when processing request: Operation timed out
2013-06-07 21:27:44,471 [Worker-63] INFO  o.a.c.httpclient.HttpMethodDirector - Retrying request
2013-06-07 21:29:00,848 [Worker-63] INFO  o.a.c.httpclient.HttpMethodDirector - I/O exception (java.net.ConnectException) caught when processing request: Operation timed out
2013-06-07 21:29:00,849 [Worker-63] INFO  o.a.c.httpclient.HttpMethodDirector - Retrying request
2013-06-07 21:30:17,053 [Worker-63] INFO  o.a.c.httpclient.HttpMethodDirector - I/O exception (java.net.ConnectException) caught when processing request: Operation timed out
2013-06-07 21:30:17,053 [Worker-63] INFO  o.a.c.httpclient.HttpMethodDirector - Retrying request
2013-06-07 21:36:16,403 [Worker-63] INFO  o.a.c.httpclient.HttpMethodDirector - I/O exception (java.net.ConnectException) caught when processing request: Operation timed out
2013-06-07 21:36:16,431 [Worker-63] INFO  o.a.c.httpclient.HttpMethodDirector - Retrying request
2013-06-07 21:37:32,736 [Worker-63] INFO  o.a.c.httpclient.HttpMethodDirector - I/O exception (java.net.ConnectException) caught when processing request: Operation timed out
2013-06-07 21:37:32,736 [Worker-63] INFO  o.a.c.httpclient.HttpMethodDirector - Retrying request
2013-06-07 21:38:37,739 [ModalContext] INFO  o.a.c.httpclient.HttpMethodDirector - I/O exception (java.net.ConnectException) caught when processing request: Operation timed out
2013-06-07 21:38:37,762 [ModalContext] INFO  o.a.c.httpclient.HttpMethodDirector - Retrying request
2013-06-07 21:38:48,953 [Worker-63] INFO  o.a.c.httpclient.HttpMethodDirector - I/O exception (java.net.ConnectException) caught when processing request: Operation timed out
2013-06-07 21:38:48,975 [Worker-63] INFO  o.a.c.httpclient.HttpMethodDirector - Retrying request
2013-06-07 21:39:54,049 [ModalContext] INFO  o.a.c.httpclient.HttpMethodDirector - I/O exception (java.net.ConnectException) caught when processing request: Operation timed out
2013-06-07 21:39:54,049 [ModalContext] INFO  o.a.c.httpclient.HttpMethodDirector - Retrying request
2013-06-07 21:41:10,962 [ModalContext] INFO  o.a.c.httpclient.HttpMethodDirector - I/O exception (java.net.ConnectException) caught when processing request: Operation timed out
2013-06-07 21:41:10,963 [ModalContext] INFO  o.a.c.httpclient.HttpMethodDirector - Retrying request
2013-06-07 21:41:21,678 [Worker-63] INFO  o.a.c.httpclient.HttpMethodDirector - I/O exception (java.net.ConnectException) caught when processing request: Operation timed out
2013-06-07 21:41:21,678 [Worker-63] INFO  o.a.c.httpclient.HttpMethodDirector - Retrying request
2013-06-07 21:42:37,552 [Worker-63] INFO  o.a.c.httpclient.HttpMethodDirector - I/O exception (java.net.ConnectException) caught when processing request: Operation timed out
2013-06-07 21:42:37,552 [Worker-63] INFO  o.a.c.httpclient.HttpMethodDirector - Retrying request
2013-06-07 21:43:54,004 [Worker-63] INFO  o.a.c.httpclient.HttpMethodDirector - I/O exception (java.net.ConnectException) caught when processing request: Operation timed out
2013-06-07 21:43:54,004 [Worker-63] INFO  o.a.c.httpclient.HttpMethodDirector - Retrying request
2013-06-07 21:46:25,914 [Worker-73] INFO  o.a.c.httpclient.HttpMethodDirector - I/O exception (java.net.ConnectException) caught when processing request: Operation timed out
2013-06-07 21:46:25,914 [Worker-73] INFO  o.a.c.httpclient.HttpMethodDirector - Retrying request
2013-06-07 21:47:41,805 [Worker-73] INFO  o.a.c.httpclient.HttpMethodDirector - I/O exception (java.net.ConnectException) caught when processing request: Operation timed out
2013-06-07 21:47:41,805 [Worker-73] INFO  o.a.c.httpclient.HttpMethodDirector - Retrying request
2013-06-07 21:48:57,973 [Worker-73] INFO  o.a.c.httpclient.HttpMethodDirector - I/O exception (java.net.ConnectException) caught when processing request: Operation timed out
2013-06-07 21:48:57,973 [Worker-73] INFO  o.a.c.httpclient.HttpMethodDirector - Retrying request
2013-06-07 21:51:29,594 [Worker-81] INFO  o.a.c.httpclient.HttpMethodDirector - I/O exception (java.net.ConnectException) caught when processing request: Operation timed out
2013-06-07 21:51:29,595 [Worker-81] INFO  o.a.c.httpclient.HttpMethodDirector - Retrying request
2013-06-07 21:52:45,339 [Worker-81] INFO  o.a.c.httpclient.HttpMethodDirector - I/O exception (java.net.ConnectException) caught when processing request: Operation timed out
2013-06-07 21:52:45,339 [Worker-81] INFO  o.a.c.httpclient.HttpMethodDirector - Retrying request
2013-06-07 21:54:03,095 [Worker-81] INFO  o.a.c.httpclient.HttpMethodDirector - I/O exception (java.net.ConnectException) caught when processing request: Operation timed out
2013-06-07 21:54:03,108 [Worker-81] INFO  o.a.c.httpclient.HttpMethodDirector - Retrying request
2013-06-08 00:05:05,482 [Worker-109] INFO  o.a.c.httpclient.HttpMethodDirector - I/O exception (java.net.ConnectException) caught when processing request: Operation timed out
2013-06-08 00:05:05,508 [Worker-109] INFO  o.a.c.httpclient.HttpMethodDirector - Retrying request
2013-06-08 00:06:21,203 [Worker-109] INFO  o.a.c.httpclient.HttpMethodDirector - I/O exception (java.net.ConnectException) caught when processing request: Operation timed out
2013-06-08 00:06:21,203 [Worker-109] INFO  o.a.c.httpclient.HttpMethodDirector - Retrying request
2013-06-08 00:07:37,913 [Worker-109] INFO  o.a.c.httpclient.HttpMethodDirector - I/O exception (java.net.ConnectException) caught when processing request: Operation timed out
2013-06-08 00:07:37,913 [Worker-109] INFO  o.a.c.httpclient.HttpMethodDirector - Retrying request
2013-06-08 00:10:10,391 [Worker-109] INFO  o.a.c.httpclient.HttpMethodDirector - I/O exception (java.net.ConnectException) caught when processing request: Operation timed out
2013-06-08 00:10:10,391 [Worker-109] INFO  o.a.c.httpclient.HttpMethodDirector - Retrying request
2013-06-08 00:11:26,301 [Worker-109] INFO  o.a.c.httpclient.HttpMethodDirector - I/O exception (java.net.ConnectException) caught when processing request: Operation timed out
2013-06-08 00:11:26,301 [Worker-109] INFO  o.a.c.httpclient.HttpMethodDirector - Retrying request
2013-06-08 00:12:42,272 [Worker-109] INFO  o.a.c.httpclient.HttpMethodDirector - I/O exception (java.net.ConnectException) caught when processing request: Operation timed out
2013-06-08 00:12:42,272 [Worker-109] INFO  o.a.c.httpclient.HttpMethodDirector - Retrying request
2013-06-08 00:15:14,750 [Worker-117] INFO  o.a.c.httpclient.HttpMethodDirector - I/O exception (java.net.ConnectException) caught when processing request: Operation timed out
2013-06-08 00:15:14,750 [Worker-117] INFO  o.a.c.httpclient.HttpMethodDirector - Retrying request
2013-06-08 00:16:31,022 [Worker-117] INFO  o.a.c.httpclient.HttpMethodDirector - I/O exception (java.net.ConnectException) caught when processing request: Operation timed out
2013-06-08 00:16:31,023 [Worker-117] INFO  o.a.c.httpclient.HttpMethodDirector - Retrying request
2013-06-08 00:17:46,888 [Worker-117] INFO  o.a.c.httpclient.HttpMethodDirector - I/O exception (java.net.ConnectException) caught when processing request: Operation timed out
2013-06-08 00:17:46,888 [Worker-117] INFO  o.a.c.httpclient.HttpMethodDirector - Retrying request
2013-06-08 00:20:18,664 [Worker-118] INFO  o.a.c.httpclient.HttpMethodDirector - I/O exception (java.net.ConnectException) caught when processing request: Operation timed out
2013-06-08 00:20:18,664 [Worker-118] INFO  o.a.c.httpclient.HttpMethodDirector - Retrying request
2013-06-08 00:21:34,627 [Worker-118] INFO  o.a.c.httpclient.HttpMethodDirector - I/O exception (java.net.ConnectException) caught when processing request: Operation timed out
2013-06-08 00:21:34,627 [Worker-118] INFO  o.a.c.httpclient.HttpMethodDirector - Retrying request
2013-06-08 00:22:50,921 [Worker-118] INFO  o.a.c.httpclient.HttpMethodDirector - I/O exception (java.net.ConnectException) caught when processing request: Operation timed out
2013-06-08 00:22:50,921 [Worker-118] INFO  o.a.c.httpclient.HttpMethodDirector - Retrying request
2013-06-08 00:25:24,322 [Worker-109] INFO  o.a.c.httpclient.HttpMethodDirector - I/O exception (java.net.ConnectException) caught when processing request: Operation timed out
2013-06-08 00:25:24,613 [Worker-109] INFO  o.a.c.httpclient.HttpMethodDirector - Retrying request
2013-06-08 00:26:40,302 [Worker-109] INFO  o.a.c.httpclient.HttpMethodDirector - I/O exception (java.net.ConnectException) caught when processing request: Operation timed out
2013-06-08 00:26:40,302 [Worker-109] INFO  o.a.c.httpclient.HttpMethodDirector - Retrying request
2013-06-08 00:27:57,105 [Worker-109] INFO  o.a.c.httpclient.HttpMethodDirector - I/O exception (java.net.ConnectException) caught when processing request: Operation timed out
2013-06-08 00:27:57,105 [Worker-109] INFO  o.a.c.httpclient.HttpMethodDirector - Retrying request
2013-06-08 00:30:29,720 [Worker-109] INFO  o.a.c.httpclient.HttpMethodDirector - I/O exception (java.net.ConnectException) caught when processing request: Operation timed out
2013-06-08 00:30:29,720 [Worker-109] INFO  o.a.c.httpclient.HttpMethodDirector - Retrying request
2013-06-08 00:31:45,193 [Worker-109] INFO  o.a.c.httpclient.HttpMethodDirector - I/O exception (java.net.ConnectException) caught when processing request: Operation timed out
2013-06-08 00:31:45,194 [Worker-109] INFO  o.a.c.httpclient.HttpMethodDirector - Retrying request
2013-06-08 00:33:01,600 [Worker-109] INFO  o.a.c.httpclient.HttpMethodDirector - I/O exception (java.net.ConnectException) caught when processing request: Operation timed out
2013-06-08 00:33:01,600 [Worker-109] INFO  o.a.c.httpclient.HttpMethodDirector - Retrying request
2013-06-08 00:35:34,203 [Worker-124] INFO  o.a.c.httpclient.HttpMethodDirector - I/O exception (java.net.ConnectException) caught when processing request: Operation timed out
2013-06-08 00:35:34,203 [Worker-124] INFO  o.a.c.httpclient.HttpMethodDirector - Retrying request
2013-06-08 00:36:50,422 [Worker-124] INFO  o.a.c.httpclient.HttpMethodDirector - I/O exception (java.net.ConnectException) caught when processing request: Operation timed out
2013-06-08 00:36:50,422 [Worker-124] INFO  o.a.c.httpclient.HttpMethodDirector - Retrying request
2013-06-08 00:38:07,109 [Worker-124] INFO  o.a.c.httpclient.HttpMethodDirector - I/O exception (java.net.ConnectException) caught when processing request: Operation timed out
2013-06-08 00:38:07,109 [Worker-124] INFO  o.a.c.httpclient.HttpMethodDirector - Retrying request
2013-06-08 00:40:39,902 [Worker-121] INFO  o.a.c.httpclient.HttpMethodDirector - I/O exception (java.net.ConnectException) caught when processing request: Operation timed out
2013-06-08 00:40:39,902 [Worker-121] INFO  o.a.c.httpclient.HttpMethodDirector - Retrying request
2013-06-08 00:41:55,603 [Worker-121] INFO  o.a.c.httpclient.HttpMethodDirector - I/O exception (java.net.ConnectException) caught when processing request: Operation timed out
2013-06-08 00:41:55,603 [Worker-121] INFO  o.a.c.httpclient.HttpMethodDirector - Retrying request
2013-06-08 00:43:11,947 [Worker-121] INFO  o.a.c.httpclient.HttpMethodDirector - I/O exception (java.net.ConnectException) caught when processing request: Operation timed out
2013-06-08 00:43:11,947 [Worker-121] INFO  o.a.c.httpclient.HttpMethodDirector - Retrying request
2013-06-08 00:45:48,132 [Worker-109] INFO  o.a.c.httpclient.HttpMethodDirector - I/O exception (java.net.ConnectException) caught when processing request: Operation timed out
2013-06-08 00:45:48,132 [Worker-109] INFO  o.a.c.httpclient.HttpMethodDirector - Retrying request
2013-06-08 00:47:04,463 [Worker-109] INFO  o.a.c.httpclient.HttpMethodDirector - I/O exception (java.net.ConnectException) caught when processing request: Operation timed out
2013-06-08 00:47:04,463 [Worker-109] INFO  o.a.c.httpclient.HttpMethodDirector - Retrying request
2013-06-08 00:48:20,605 [Worker-109] INFO  o.a.c.httpclient.HttpMethodDirector - I/O exception (java.net.ConnectException) caught when processing request: Operation timed out
2013-06-08 00:48:20,606 [Worker-109] INFO  o.a.c.httpclient.HttpMethodDirector - Retrying request
2013-06-08 00:50:54,038 [Worker-109] INFO  o.a.c.httpclient.HttpMethodDirector - I/O exception (java.net.ConnectException) caught when processing request: Operation timed out
2013-06-08 00:50:54,038 [Worker-109] INFO  o.a.c.httpclient.HttpMethodDirector - Retrying request
2013-06-08 00:52:09,660 [Worker-109] INFO  o.a.c.httpclient.HttpMethodDirector - I/O exception (java.net.ConnectException) caught when processing request: Operation timed out
2013-06-08 00:52:09,660 [Worker-109] INFO  o.a.c.httpclient.HttpMethodDirector - Retrying request
2013-06-08 00:53:26,530 [Worker-109] INFO  o.a.c.httpclient.HttpMethodDirector - I/O exception (java.net.ConnectException) caught when processing request: Operation timed out
2013-06-08 00:53:26,530 [Worker-109] INFO  o.a.c.httpclient.HttpMethodDirector - Retrying request
2013-06-08 00:56:00,614 [Worker-130] INFO  o.a.c.httpclient.HttpMethodDirector - I/O exception (java.net.ConnectException) caught when processing request: Operation timed out
2013-06-08 00:56:00,614 [Worker-130] INFO  o.a.c.httpclient.HttpMethodDirector - Retrying request
2013-06-08 00:57:16,906 [Worker-130] INFO  o.a.c.httpclient.HttpMethodDirector - I/O exception (java.net.ConnectException) caught when processing request: Operation timed out
2013-06-08 00:57:16,906 [Worker-130] INFO  o.a.c.httpclient.HttpMethodDirector - Retrying request
2013-06-08 00:58:33,163 [Worker-130] INFO  o.a.c.httpclient.HttpMethodDirector - I/O exception (java.net.ConnectException) caught when processing request: Operation timed out
2013-06-08 00:58:33,164 [Worker-130] INFO  o.a.c.httpclient.HttpMethodDirector - Retrying request
2013-06-08 01:01:05,405 [Worker-133] INFO  o.a.c.httpclient.HttpMethodDirector - I/O exception (java.net.ConnectException) caught when processing request: Operation timed out
2013-06-08 01:01:05,405 [Worker-133] INFO  o.a.c.httpclient.HttpMethodDirector - Retrying request
2013-06-08 01:02:21,138 [Worker-133] INFO  o.a.c.httpclient.HttpMethodDirector - I/O exception (java.net.ConnectException) caught when processing request: Operation timed out
2013-06-08 01:02:21,138 [Worker-133] INFO  o.a.c.httpclient.HttpMethodDirector - Retrying request
2013-06-08 01:03:38,002 [Worker-133] INFO  o.a.c.httpclient.HttpMethodDirector - I/O exception (java.net.ConnectException) caught when processing request: Operation timed out
2013-06-08 01:03:38,002 [Worker-133] INFO  o.a.c.httpclient.HttpMethodDirector - Retrying request
2013-06-08 01:06:10,005 [Worker-109] INFO  o.a.c.httpclient.HttpMethodDirector - I/O exception (java.net.ConnectException) caught when processing request: Operation timed out
2013-06-08 01:06:10,005 [Worker-109] INFO  o.a.c.httpclient.HttpMethodDirector - Retrying request
2013-06-08 01:07:26,173 [Worker-109] INFO  o.a.c.httpclient.HttpMethodDirector - I/O exception (java.net.ConnectException) caught when processing request: Operation timed out
2013-06-08 01:07:26,173 [Worker-109] INFO  o.a.c.httpclient.HttpMethodDirector - Retrying request
2013-06-08 01:08:44,204 [Worker-109] INFO  o.a.c.httpclient.HttpMethodDirector - I/O exception (java.net.ConnectException) caught when processing request: Operation timed out
2013-06-08 01:08:44,204 [Worker-109] INFO  o.a.c.httpclient.HttpMethodDirector - Retrying request
2013-06-08 01:11:16,770 [Worker-109] INFO  o.a.c.httpclient.HttpMethodDirector - I/O exception (java.net.ConnectException) caught when processing request: Operation timed out
2013-06-08 01:11:16,770 [Worker-109] INFO  o.a.c.httpclient.HttpMethodDirector - Retrying request
2013-06-08 01:12:32,486 [Worker-109] INFO  o.a.c.httpclient.HttpMethodDirector - I/O exception (java.net.ConnectException) caught when processing request: Operation timed out
2013-06-08 01:12:32,486 [Worker-109] INFO  o.a.c.httpclient.HttpMethodDirector - Retrying request
2013-06-08 01:13:49,629 [Worker-109] INFO  o.a.c.httpclient.HttpMethodDirector - I/O exception (java.net.ConnectException) caught when processing request: Operation timed out
2013-06-08 01:13:49,955 [Worker-109] INFO  o.a.c.httpclient.HttpMethodDirector - Retrying request
2013-06-08 01:16:22,852 [Worker-136] INFO  o.a.c.httpclient.HttpMethodDirector - I/O exception (java.net.ConnectException) caught when processing request: Operation timed out
2013-06-08 01:16:22,852 [Worker-136] INFO  o.a.c.httpclient.HttpMethodDirector - Retrying request
2013-06-08 01:17:38,596 [Worker-136] INFO  o.a.c.httpclient.HttpMethodDirector - I/O exception (java.net.ConnectException) caught when processing request: Operation timed out
2013-06-08 01:17:38,597 [Worker-136] INFO  o.a.c.httpclient.HttpMethodDirector - Retrying request
2013-06-08 01:18:54,964 [Worker-136] INFO  o.a.c.httpclient.HttpMethodDirector - I/O exception (java.net.ConnectException) caught when processing request: Operation timed out
2013-06-08 01:18:54,964 [Worker-136] INFO  o.a.c.httpclient.HttpMethodDirector - Retrying request
2013-06-08 01:21:28,004 [Worker-139] INFO  o.a.c.httpclient.HttpMethodDirector - I/O exception (java.net.ConnectException) caught when processing request: Operation timed out
2013-06-08 01:21:28,004 [Worker-139] INFO  o.a.c.httpclient.HttpMethodDirector - Retrying request
2013-06-08 01:22:43,700 [Worker-139] INFO  o.a.c.httpclient.HttpMethodDirector - I/O exception (java.net.ConnectException) caught when processing request: Operation timed out
2013-06-08 01:22:43,701 [Worker-139] INFO  o.a.c.httpclient.HttpMethodDirector - Retrying request
2013-06-08 01:23:59,948 [Worker-139] INFO  o.a.c.httpclient.HttpMethodDirector - I/O exception (java.net.ConnectException) caught when processing request: Operation timed out
2013-06-08 01:23:59,948 [Worker-139] INFO  o.a.c.httpclient.HttpMethodDirector - Retrying request
2013-06-08 01:26:32,277 [Worker-109] INFO  o.a.c.httpclient.HttpMethodDirector - I/O exception (java.net.ConnectException) caught when processing request: Operation timed out
2013-06-08 01:26:32,277 [Worker-109] INFO  o.a.c.httpclient.HttpMethodDirector - Retrying request
2013-06-08 01:27:47,964 [Worker-109] INFO  o.a.c.httpclient.HttpMethodDirector - I/O exception (java.net.ConnectException) caught when processing request: Operation timed out
2013-06-08 01:27:47,964 [Worker-109] INFO  o.a.c.httpclient.HttpMethodDirector - Retrying request
2013-06-08 01:29:04,582 [Worker-109] INFO  o.a.c.httpclient.HttpMethodDirector - I/O exception (java.net.ConnectException) caught when processing request: Operation timed out
2013-06-08 01:29:04,582 [Worker-109] INFO  o.a.c.httpclient.HttpMethodDirector - Retrying request
2013-06-08 01:31:36,740 [Worker-109] INFO  o.a.c.httpclient.HttpMethodDirector - I/O exception (java.net.ConnectException) caught when processing request: Operation timed out
2013-06-08 01:31:36,740 [Worker-109] INFO  o.a.c.httpclient.HttpMethodDirector - Retrying request
2013-06-08 01:32:52,355 [Worker-109] INFO  o.a.c.httpclient.HttpMethodDirector - I/O exception (java.net.ConnectException) caught when processing request: Operation timed out
2013-06-08 01:32:52,356 [Worker-109] INFO  o.a.c.httpclient.HttpMethodDirector - Retrying request
2013-06-08 01:34:08,506 [Worker-109] INFO  o.a.c.httpclient.HttpMethodDirector - I/O exception (java.net.ConnectException) caught when processing request: Operation timed out
2013-06-08 01:34:08,506 [Worker-109] INFO  o.a.c.httpclient.HttpMethodDirector - Retrying request
2013-06-08 01:36:40,824 [Worker-143] INFO  o.a.c.httpclient.HttpMethodDirector - I/O exception (java.net.ConnectException) caught when processing request: Operation timed out
2013-06-08 01:36:40,824 [Worker-143] INFO  o.a.c.httpclient.HttpMethodDirector - Retrying request
2013-06-08 01:37:56,654 [Worker-143] INFO  o.a.c.httpclient.HttpMethodDirector - I/O exception (java.net.ConnectException) caught when processing request: Operation timed out
2013-06-08 01:37:56,654 [Worker-143] INFO  o.a.c.httpclient.HttpMethodDirector - Retrying request
2013-06-08 01:39:13,214 [Worker-143] INFO  o.a.c.httpclient.HttpMethodDirector - I/O exception (java.net.ConnectException) caught when processing request: Operation timed out
2013-06-08 01:39:13,214 [Worker-143] INFO  o.a.c.httpclient.HttpMethodDirector - Retrying request
2013-06-08 01:41:46,095 [Worker-145] INFO  o.a.c.httpclient.HttpMethodDirector - I/O exception (java.net.ConnectException) caught when processing request: Operation timed out
2013-06-08 01:41:46,095 [Worker-145] INFO  o.a.c.httpclient.HttpMethodDirector - Retrying request
2013-06-08 01:43:02,605 [Worker-145] INFO  o.a.c.httpclient.HttpMethodDirector - I/O exception (java.net.ConnectException) caught when processing request: Operation timed out
2013-06-08 01:43:02,639 [Worker-145] INFO  o.a.c.httpclient.HttpMethodDirector - Retrying request
2013-06-08 01:44:19,339 [Worker-145] INFO  o.a.c.httpclient.HttpMethodDirector - I/O exception (java.net.ConnectException) caught when processing request: Operation timed out
2013-06-08 01:44:19,346 [Worker-145] INFO  o.a.c.httpclient.HttpMethodDirector - Retrying request
2013-06-08 01:46:52,039 [Worker-109] INFO  o.a.c.httpclient.HttpMethodDirector - I/O exception (java.net.ConnectException) caught when processing request: Operation timed out
2013-06-08 01:46:52,039 [Worker-109] INFO  o.a.c.httpclient.HttpMethodDirector - Retrying request
2013-06-08 01:48:07,816 [Worker-109] INFO  o.a.c.httpclient.HttpMethodDirector - I/O exception (java.net.ConnectException) caught when processing request: Operation timed out
2013-06-08 01:48:07,816 [Worker-109] INFO  o.a.c.httpclient.HttpMethodDirector - Retrying request
2013-06-08 01:49:23,903 [Worker-109] INFO  o.a.c.httpclient.HttpMethodDirector - I/O exception (java.net.ConnectException) caught when processing request: Operation timed out
2013-06-08 01:49:23,903 [Worker-109] INFO  o.a.c.httpclient.HttpMethodDirector - Retrying request
2013-06-08 01:51:57,532 [Worker-109] INFO  o.a.c.httpclient.HttpMethodDirector - I/O exception (java.net.ConnectException) caught when processing request: Operation timed out
2013-06-08 01:51:57,532 [Worker-109] INFO  o.a.c.httpclient.HttpMethodDirector - Retrying request
2013-06-08 01:53:13,192 [Worker-109] INFO  o.a.c.httpclient.HttpMethodDirector - I/O exception (java.net.ConnectException) caught when processing request: Operation timed out
2013-06-08 01:53:13,192 [Worker-109] INFO  o.a.c.httpclient.HttpMethodDirector - Retrying request
2013-06-08 01:54:29,785 [Worker-109] INFO  o.a.c.httpclient.HttpMethodDirector - I/O exception (java.net.ConnectException) caught when processing request: Operation timed out
2013-06-08 01:54:29,785 [Worker-109] INFO  o.a.c.httpclient.HttpMethodDirector - Retrying request
2013-06-08 01:57:02,128 [Worker-152] INFO  o.a.c.httpclient.HttpMethodDirector - I/O exception (java.net.ConnectException) caught when processing request: Operation timed out
2013-06-08 01:57:02,143 [Worker-152] INFO  o.a.c.httpclient.HttpMethodDirector - Retrying request
2013-06-08 01:58:18,295 [Worker-152] INFO  o.a.c.httpclient.HttpMethodDirector - I/O exception (java.net.ConnectException) caught when processing request: Operation timed out
2013-06-08 01:58:18,295 [Worker-152] INFO  o.a.c.httpclient.HttpMethodDirector - Retrying request
2013-06-08 01:59:35,420 [Worker-152] INFO  o.a.c.httpclient.HttpMethodDirector - I/O exception (java.net.ConnectException) caught when processing request: Operation timed out
2013-06-08 01:59:35,420 [Worker-152] INFO  o.a.c.httpclient.HttpMethodDirector - Retrying request
2013-06-08 02:02:08,922 [Worker-142] INFO  o.a.c.httpclient.HttpMethodDirector - I/O exception (java.net.ConnectException) caught when processing request: Operation timed out
2013-06-08 02:02:08,922 [Worker-142] INFO  o.a.c.httpclient.HttpMethodDirector - Retrying request
2013-06-08 02:03:24,698 [Worker-142] INFO  o.a.c.httpclient.HttpMethodDirector - I/O exception (java.net.ConnectException) caught when processing request: Operation timed out
2013-06-08 02:03:24,698 [Worker-142] INFO  o.a.c.httpclient.HttpMethodDirector - Retrying request
2013-06-08 02:04:41,000 [Worker-142] INFO  o.a.c.httpclient.HttpMethodDirector - I/O exception (java.net.ConnectException) caught when processing request: Operation timed out
2013-06-08 02:04:41,000 [Worker-142] INFO  o.a.c.httpclient.HttpMethodDirector - Retrying request
2013-06-08 02:07:13,195 [Worker-109] INFO  o.a.c.httpclient.HttpMethodDirector - I/O exception (java.net.ConnectException) caught when processing request: Operation timed out
2013-06-08 02:07:13,196 [Worker-109] INFO  o.a.c.httpclient.HttpMethodDirector - Retrying request
2013-06-08 02:08:29,476 [Worker-109] INFO  o.a.c.httpclient.HttpMethodDirector - I/O exception (java.net.ConnectException) caught when processing request: Operation timed out
2013-06-08 02:08:29,476 [Worker-109] INFO  o.a.c.httpclient.HttpMethodDirector - Retrying request
2013-06-08 02:09:45,620 [Worker-109] INFO  o.a.c.httpclient.HttpMethodDirector - I/O exception (java.net.ConnectException) caught when processing request: Operation timed out
2013-06-08 02:09:45,620 [Worker-109] INFO  o.a.c.httpclient.HttpMethodDirector - Retrying request
2013-06-08 02:12:18,121 [Worker-109] INFO  o.a.c.httpclient.HttpMethodDirector - I/O exception (java.net.ConnectException) caught when processing request: Operation timed out
2013-06-08 02:12:18,121 [Worker-109] INFO  o.a.c.httpclient.HttpMethodDirector - Retrying request
2013-06-08 02:13:33,793 [Worker-109] INFO  o.a.c.httpclient.HttpMethodDirector - I/O exception (java.net.ConnectException) caught when processing request: Operation timed out
2013-06-08 02:13:33,793 [Worker-109] INFO  o.a.c.httpclient.HttpMethodDirector - Retrying request
2013-06-08 02:14:50,005 [Worker-109] INFO  o.a.c.httpclient.HttpMethodDirector - I/O exception (java.net.ConnectException) caught when processing request: Operation timed out
2013-06-08 02:14:50,005 [Worker-109] INFO  o.a.c.httpclient.HttpMethodDirector - Retrying request
2013-06-08 02:17:22,229 [Worker-142] INFO  o.a.c.httpclient.HttpMethodDirector - I/O exception (java.net.ConnectException) caught when processing request: Operation timed out
2013-06-08 02:17:22,229 [Worker-142] INFO  o.a.c.httpclient.HttpMethodDirector - Retrying request
2013-06-08 02:18:37,903 [Worker-142] INFO  o.a.c.httpclient.HttpMethodDirector - I/O exception (java.net.ConnectException) caught when processing request: Operation timed out
2013-06-08 02:18:37,903 [Worker-142] INFO  o.a.c.httpclient.HttpMethodDirector - Retrying request
2013-06-08 02:19:54,555 [Worker-142] INFO  o.a.c.httpclient.HttpMethodDirector - I/O exception (java.net.ConnectException) caught when processing request: Operation timed out
2013-06-08 02:19:54,555 [Worker-142] INFO  o.a.c.httpclient.HttpMethodDirector - Retrying request
2013-06-08 02:22:26,953 [Worker-160] INFO  o.a.c.httpclient.HttpMethodDirector - I/O exception (java.net.ConnectException) caught when processing request: Operation timed out
2013-06-08 02:22:26,980 [Worker-160] INFO  o.a.c.httpclient.HttpMethodDirector - Retrying request
2013-06-08 02:23:43,055 [Worker-160] INFO  o.a.c.httpclient.HttpMethodDirector - I/O exception (java.net.ConnectException) caught when processing request: Operation timed out
2013-06-08 02:23:43,055 [Worker-160] INFO  o.a.c.httpclient.HttpMethodDirector - Retrying request
2013-06-08 02:25:00,300 [Worker-160] INFO  o.a.c.httpclient.HttpMethodDirector - I/O exception (java.net.ConnectException) caught when processing request: Operation timed out
2013-06-08 02:25:00,301 [Worker-160] INFO  o.a.c.httpclient.HttpMethodDirector - Retrying request
2013-06-08 02:27:33,017 [Worker-109] INFO  o.a.c.httpclient.HttpMethodDirector - I/O exception (java.net.ConnectException) caught when processing request: Operation timed out
2013-06-08 02:27:33,045 [Worker-109] INFO  o.a.c.httpclient.HttpMethodDirector - Retrying request
2013-06-08 02:28:49,435 [Worker-109] INFO  o.a.c.httpclient.HttpMethodDirector - I/O exception (java.net.ConnectException) caught when processing request: Operation timed out
2013-06-08 02:28:49,467 [Worker-109] INFO  o.a.c.httpclient.HttpMethodDirector - Retrying request
2013-06-08 02:30:06,687 [Worker-109] INFO  o.a.c.httpclient.HttpMethodDirector - I/O exception (java.net.ConnectException) caught when processing request: Operation timed out
2013-06-08 02:30:06,722 [Worker-109] INFO  o.a.c.httpclient.HttpMethodDirector - Retrying request
2013-06-08 02:32:39,953 [Worker-109] INFO  o.a.c.httpclient.HttpMethodDirector - I/O exception (java.net.ConnectException) caught when processing request: Operation timed out
2013-06-08 02:32:39,988 [Worker-109] INFO  o.a.c.httpclient.HttpMethodDirector - Retrying request
2013-06-08 02:33:55,556 [Worker-109] INFO  o.a.c.httpclient.HttpMethodDirector - I/O exception (java.net.ConnectException) caught when processing request: Operation timed out
2013-06-08 02:33:55,566 [Worker-109] INFO  o.a.c.httpclient.HttpMethodDirector - Retrying request
2013-06-08 02:35:12,179 [Worker-109] INFO  o.a.c.httpclient.HttpMethodDirector - I/O exception (java.net.ConnectException) caught when processing request: Operation timed out
2013-06-08 02:35:12,179 [Worker-109] INFO  o.a.c.httpclient.HttpMethodDirector - Retrying request
2013-06-08 02:37:46,030 [Worker-164] INFO  o.a.c.httpclient.HttpMethodDirector - I/O exception (java.net.ConnectException) caught when processing request: Operation timed out
2013-06-08 02:37:46,030 [Worker-164] INFO  o.a.c.httpclient.HttpMethodDirector - Retrying request
2013-06-08 02:39:01,703 [Worker-164] INFO  o.a.c.httpclient.HttpMethodDirector - I/O exception (java.net.ConnectException) caught when processing request: Operation timed out
2013-06-08 02:39:01,703 [Worker-164] INFO  o.a.c.httpclient.HttpMethodDirector - Retrying request
2013-06-08 02:40:17,705 [Worker-164] INFO  o.a.c.httpclient.HttpMethodDirector - I/O exception (java.net.ConnectException) caught when processing request: Operation timed out
2013-06-08 02:40:17,705 [Worker-164] INFO  o.a.c.httpclient.HttpMethodDirector - Retrying request
2013-06-08 02:42:50,918 [Worker-167] INFO  o.a.c.httpclient.HttpMethodDirector - I/O exception (java.net.ConnectException) caught when processing request: Operation timed out
2013-06-08 02:42:50,918 [Worker-167] INFO  o.a.c.httpclient.HttpMethodDirector - Retrying request
2013-06-08 02:44:06,591 [Worker-167] INFO  o.a.c.httpclient.HttpMethodDirector - I/O exception (java.net.ConnectException) caught when processing request: Operation timed out
2013-06-08 02:44:06,591 [Worker-167] INFO  o.a.c.httpclient.HttpMethodDirector - Retrying request
2013-06-08 02:45:23,666 [Worker-167] INFO  o.a.c.httpclient.HttpMethodDirector - I/O exception (java.net.ConnectException) caught when processing request: Operation timed out
2013-06-08 02:45:23,666 [Worker-167] INFO  o.a.c.httpclient.HttpMethodDirector - Retrying request
2013-06-08 02:47:56,103 [Worker-109] INFO  o.a.c.httpclient.HttpMethodDirector - I/O exception (java.net.ConnectException) caught when processing request: Operation timed out
2013-06-08 02:47:56,103 [Worker-109] INFO  o.a.c.httpclient.HttpMethodDirector - Retrying request
2013-06-08 02:49:11,705 [Worker-109] INFO  o.a.c.httpclient.HttpMethodDirector - I/O exception (java.net.ConnectException) caught when processing request: Operation timed out
2013-06-08 02:49:11,705 [Worker-109] INFO  o.a.c.httpclient.HttpMethodDirector - Retrying request
2013-06-08 02:50:28,106 [Worker-109] INFO  o.a.c.httpclient.HttpMethodDirector - I/O exception (java.net.ConnectException) caught when processing request: Operation timed out
2013-06-08 02:50:28,139 [Worker-109] INFO  o.a.c.httpclient.HttpMethodDirector - Retrying request
2013-06-08 02:53:00,881 [Worker-109] INFO  o.a.c.httpclient.HttpMethodDirector - I/O exception (java.net.ConnectException) caught when processing request: Operation timed out
2013-06-08 02:53:00,905 [Worker-109] INFO  o.a.c.httpclient.HttpMethodDirector - Retrying request
2013-06-08 02:54:16,564 [Worker-109] INFO  o.a.c.httpclient.HttpMethodDirector - I/O exception (java.net.ConnectException) caught when processing request: Operation timed out
2013-06-08 02:54:16,564 [Worker-109] INFO  o.a.c.httpclient.HttpMethodDirector - Retrying request
2013-06-08 02:55:33,269 [Worker-109] INFO  o.a.c.httpclient.HttpMethodDirector - I/O exception (java.net.ConnectException) caught when processing request: Operation timed out
2013-06-08 02:55:33,269 [Worker-109] INFO  o.a.c.httpclient.HttpMethodDirector - Retrying request
2013-06-08 02:58:05,878 [Worker-166] INFO  o.a.c.httpclient.HttpMethodDirector - I/O exception (java.net.ConnectException) caught when processing request: Operation timed out
2013-06-08 02:58:05,914 [Worker-166] INFO  o.a.c.httpclient.HttpMethodDirector - Retrying request
2013-06-08 02:59:21,992 [Worker-166] INFO  o.a.c.httpclient.HttpMethodDirector - I/O exception (java.net.ConnectException) caught when processing request: Operation timed out
2013-06-08 02:59:22,025 [Worker-166] INFO  o.a.c.httpclient.HttpMethodDirector - Retrying request
2013-06-08 03:00:39,345 [Worker-166] INFO  o.a.c.httpclient.HttpMethodDirector - I/O exception (java.net.ConnectException) caught when processing request: Operation timed out
2013-06-08 03:00:39,414 [Worker-166] INFO  o.a.c.httpclient.HttpMethodDirector - Retrying request
2013-06-08 03:03:11,705 [Worker-175] INFO  o.a.c.httpclient.HttpMethodDirector - I/O exception (java.net.ConnectException) caught when processing request: Operation timed out
2013-06-08 03:03:11,757 [Worker-175] INFO  o.a.c.httpclient.HttpMethodDirector - Retrying request
2013-06-08 03:04:27,731 [Worker-175] INFO  o.a.c.httpclient.HttpMethodDirector - I/O exception (java.net.ConnectException) caught when processing request: Operation timed out
2013-06-08 03:04:27,731 [Worker-175] INFO  o.a.c.httpclient.HttpMethodDirector - Retrying request
2013-06-08 03:05:44,222 [Worker-175] INFO  o.a.c.httpclient.HttpMethodDirector - I/O exception (java.net.ConnectException) caught when processing request: Operation timed out
2013-06-08 03:05:44,222 [Worker-175] INFO  o.a.c.httpclient.HttpMethodDirector - Retrying request
2013-06-08 03:08:38,536 [Worker-173] INFO  o.a.c.httpclient.HttpMethodDirector - I/O exception (java.net.ConnectException) caught when processing request: Operation timed out
2013-06-08 03:08:38,548 [Worker-173] INFO  o.a.c.httpclient.HttpMethodDirector - Retrying request
2013-06-08 03:09:54,769 [Worker-173] INFO  o.a.c.httpclient.HttpMethodDirector - I/O exception (java.net.ConnectException) caught when processing request: Operation timed out
2013-06-08 03:09:54,769 [Worker-173] INFO  o.a.c.httpclient.HttpMethodDirector - Retrying request
2013-06-08 03:11:10,805 [Worker-173] INFO  o.a.c.httpclient.HttpMethodDirector - I/O exception (java.net.ConnectException) caught when processing request: Operation timed out
2013-06-08 03:11:10,805 [Worker-173] INFO  o.a.c.httpclient.HttpMethodDirector - Retrying request
2013-06-08 03:13:42,985 [Worker-173] INFO  o.a.c.httpclient.HttpMethodDirector - I/O exception (java.net.ConnectException) caught when processing request: Operation timed out
2013-06-08 03:13:42,985 [Worker-173] INFO  o.a.c.httpclient.HttpMethodDirector - Retrying request
2013-06-08 03:14:58,802 [Worker-173] INFO  o.a.c.httpclient.HttpMethodDirector - I/O exception (java.net.ConnectException) caught when processing request: Operation timed out
2013-06-08 03:14:58,802 [Worker-173] INFO  o.a.c.httpclient.HttpMethodDirector - Retrying request
2013-06-08 03:16:15,260 [Worker-173] INFO  o.a.c.httpclient.HttpMethodDirector - I/O exception (java.net.ConnectException) caught when processing request: Operation timed out
2013-06-08 03:16:15,261 [Worker-173] INFO  o.a.c.httpclient.HttpMethodDirector - Retrying request
2013-06-08 03:18:48,416 [Worker-180] INFO  o.a.c.httpclient.HttpMethodDirector - I/O exception (java.net.ConnectException) caught when processing request: Operation timed out
2013-06-08 03:18:48,416 [Worker-180] INFO  o.a.c.httpclient.HttpMethodDirector - Retrying request
2013-06-08 03:20:04,387 [Worker-180] INFO  o.a.c.httpclient.HttpMethodDirector - I/O exception (java.net.ConnectException) caught when processing request: Operation timed out
2013-06-08 03:20:04,387 [Worker-180] INFO  o.a.c.httpclient.HttpMethodDirector - Retrying request
2013-06-08 03:21:20,556 [Worker-180] INFO  o.a.c.httpclient.HttpMethodDirector - I/O exception (java.net.ConnectException) caught when processing request: Operation timed out
2013-06-08 03:21:20,588 [Worker-180] INFO  o.a.c.httpclient.HttpMethodDirector - Retrying request
2013-06-08 03:23:52,611 [Worker-182] INFO  o.a.c.httpclient.HttpMethodDirector - I/O exception (java.net.ConnectException) caught when processing request: Operation timed out
2013-06-08 03:23:52,611 [Worker-182] INFO  o.a.c.httpclient.HttpMethodDirector - Retrying request
2013-06-08 03:25:08,762 [Worker-182] INFO  o.a.c.httpclient.HttpMethodDirector - I/O exception (java.net.ConnectException) caught when processing request: Operation timed out
2013-06-08 03:25:08,763 [Worker-182] INFO  o.a.c.httpclient.HttpMethodDirector - Retrying request
2013-06-08 03:26:25,711 [Worker-182] INFO  o.a.c.httpclient.HttpMethodDirector - I/O exception (java.net.ConnectException) caught when processing request: Operation timed out
2013-06-08 03:26:25,712 [Worker-182] INFO  o.a.c.httpclient.HttpMethodDirector - Retrying request
2013-06-08 04:19:43,156 [Worker-198] INFO  o.a.c.httpclient.HttpMethodDirector - I/O exception (java.net.ConnectException) caught when processing request: Operation timed out
2013-06-08 04:19:43,535 [Worker-198] INFO  o.a.c.httpclient.HttpMethodDirector - Retrying request
2013-06-08 04:20:59,234 [Worker-198] INFO  o.a.c.httpclient.HttpMethodDirector - I/O exception (java.net.ConnectException) caught when processing request: Operation timed out
2013-06-08 04:20:59,234 [Worker-198] INFO  o.a.c.httpclient.HttpMethodDirector - Retrying request
2013-06-08 04:22:16,204 [Worker-198] INFO  o.a.c.httpclient.HttpMethodDirector - I/O exception (java.net.ConnectException) caught when processing request: Operation timed out
2013-06-08 04:22:16,204 [Worker-198] INFO  o.a.c.httpclient.HttpMethodDirector - Retrying request
2013-06-08 04:24:48,204 [Worker-198] INFO  o.a.c.httpclient.HttpMethodDirector - I/O exception (java.net.ConnectException) caught when processing request: Operation timed out
2013-06-08 04:24:48,204 [Worker-198] INFO  o.a.c.httpclient.HttpMethodDirector - Retrying request
2013-06-08 04:26:03,751 [Worker-198] INFO  o.a.c.httpclient.HttpMethodDirector - I/O exception (java.net.ConnectException) caught when processing request: Operation timed out
2013-06-08 04:26:03,751 [Worker-198] INFO  o.a.c.httpclient.HttpMethodDirector - Retrying request
2013-06-08 04:27:20,056 [Worker-198] INFO  o.a.c.httpclient.HttpMethodDirector - I/O exception (java.net.ConnectException) caught when processing request: Operation timed out
2013-06-08 04:27:20,056 [Worker-198] INFO  o.a.c.httpclient.HttpMethodDirector - Retrying request
2013-06-08 04:29:52,285 [Worker-203] INFO  o.a.c.httpclient.HttpMethodDirector - I/O exception (java.net.ConnectException) caught when processing request: Operation timed out
2013-06-08 04:29:52,285 [Worker-203] INFO  o.a.c.httpclient.HttpMethodDirector - Retrying request
2013-06-08 04:31:08,056 [Worker-203] INFO  o.a.c.httpclient.HttpMethodDirector - I/O exception (java.net.ConnectException) caught when processing request: Operation timed out
2013-06-08 04:31:08,056 [Worker-203] INFO  o.a.c.httpclient.HttpMethodDirector - Retrying request
2013-06-08 04:32:24,553 [Worker-203] INFO  o.a.c.httpclient.HttpMethodDirector - I/O exception (java.net.ConnectException) caught when processing request: Operation timed out
2013-06-08 04:32:24,553 [Worker-203] INFO  o.a.c.httpclient.HttpMethodDirector - Retrying request
2013-06-08 04:34:58,792 [Worker-206] INFO  o.a.c.httpclient.HttpMethodDirector - I/O exception (java.net.ConnectException) caught when processing request: Operation timed out
2013-06-08 04:34:58,792 [Worker-206] INFO  o.a.c.httpclient.HttpMethodDirector - Retrying request
2013-06-08 04:36:15,951 [Worker-206] INFO  o.a.c.httpclient.HttpMethodDirector - I/O exception (java.net.ConnectException) caught when processing request: Operation timed out
2013-06-08 04:36:15,951 [Worker-206] INFO  o.a.c.httpclient.HttpMethodDirector - Retrying request
2013-06-08 04:37:33,528 [Worker-206] INFO  o.a.c.httpclient.HttpMethodDirector - I/O exception (java.net.ConnectException) caught when processing request: Operation timed out
2013-06-08 04:37:33,528 [Worker-206] INFO  o.a.c.httpclient.HttpMethodDirector - Retrying request
2013-06-08 04:40:12,420 [Worker-205] INFO  o.a.c.httpclient.HttpMethodDirector - I/O exception (org.apache.commons.httpclient.NoHttpResponseException) caught when processing request: The server ftp.osuosl.org failed to respond
2013-06-08 04:40:12,421 [Worker-205] INFO  o.a.c.httpclient.HttpMethodDirector - Retrying request
2013-06-08 20:46:15,402 [main] INFO  c.n.h.c.p.n.NettyAsyncHttpProvider - Number of application's worked threads is 16
2013-06-08 20:46:16,925 [pool-4-thread-1] INFO  c.n.h.c.p.n.NettyAsyncHttpProvider - Number of application's worked threads is 16
2013-06-08 20:46:17,878 [main] ERROR o.e.r.i.r.repo.ModelRepositoryIndex - Failed to open search index.
org.apache.lucene.index.IndexNotFoundException: no segments* file found in org.apache.lucene.store.NIOFSDirectory@/Users/MusicUser/Dropbox/MS-MT/7100/Android/.metadata/.plugins/org.eclipse.recommenders.rcp/index lockFactory=org.apache.lucene.store.NativeFSLockFactory@84854a: files: []
	at org.apache.lucene.index.SegmentInfos$FindSegmentsFile.run(SegmentInfos.java:712) ~[org.apache.lucene.core_3.5.0.v20120319-2345.jar:3.5.0 1204988 - simon - 2011-11-22 14:46:51]
	at org.apache.lucene.index.DirectoryReader.open(DirectoryReader.java:75) ~[org.apache.lucene.core_3.5.0.v20120319-2345.jar:3.5.0 1204988 - simon - 2011-11-22 14:46:51]
	at org.apache.lucene.index.IndexReader.open(IndexReader.java:462) ~[org.apache.lucene.core_3.5.0.v20120319-2345.jar:3.5.0 1204988 - simon - 2011-11-22 14:46:51]
	at org.apache.lucene.index.IndexReader.open(IndexReader.java:308) ~[org.apache.lucene.core_3.5.0.v20120319-2345.jar:3.5.0 1204988 - simon - 2011-11-22 14:46:51]
	at org.eclipse.recommenders.internal.rcp.repo.ModelRepositoryIndex.open(ModelRepositoryIndex.java:64) ~[org.eclipse.recommenders.rcp_1.0.3.v20130211-0152-b208.jar:na]
	at org.eclipse.recommenders.internal.rcp.wiring.RecommendersModule$ServicesInitializer.<init>(RecommendersModule.java:377) [org.eclipse.recommenders.rcp_1.0.3.v20130211-0152-b208.jar:na]
	at sun.reflect.NativeConstructorAccessorImpl.newInstance0(Native Method) [na:1.6.0_45]
	at sun.reflect.NativeConstructorAccessorImpl.newInstance(NativeConstructorAccessorImpl.java:39) [na:1.6.0_45]
	at sun.reflect.DelegatingConstructorAccessorImpl.newInstance(DelegatingConstructorAccessorImpl.java:27) [na:1.6.0_45]
	at java.lang.reflect.Constructor.newInstance(Constructor.java:513) [na:1.6.0_45]
	at com.google.inject.internal.DefaultConstructionProxyFactory$1.newInstance(DefaultConstructionProxyFactory.java:85) [com.google.inject_3.0.0.v201203062045.jar:na]
	at com.google.inject.internal.ConstructorInjector.construct(ConstructorInjector.java:85) [com.google.inject_3.0.0.v201203062045.jar:na]
	at com.google.inject.internal.ConstructorBindingImpl$Factory.get(ConstructorBindingImpl.java:254) [com.google.inject_3.0.0.v201203062045.jar:na]
	at com.google.inject.internal.ProviderToInternalFactoryAdapter$1.call(ProviderToInternalFactoryAdapter.java:46) [com.google.inject_3.0.0.v201203062045.jar:na]
	at com.google.inject.internal.InjectorImpl.callInContext(InjectorImpl.java:1031) [com.google.inject_3.0.0.v201203062045.jar:na]
	at com.google.inject.internal.ProviderToInternalFactoryAdapter.get(ProviderToInternalFactoryAdapter.java:40) [com.google.inject_3.0.0.v201203062045.jar:na]
	at com.google.inject.Scopes$1$1.get(Scopes.java:65) [com.google.inject_3.0.0.v201203062045.jar:na]
	at com.google.inject.internal.InternalFactoryToProviderAdapter.get(InternalFactoryToProviderAdapter.java:40) [com.google.inject_3.0.0.v201203062045.jar:na]
	at com.google.inject.internal.InternalInjectorCreator$1.call(InternalInjectorCreator.java:204) [com.google.inject_3.0.0.v201203062045.jar:na]
	at com.google.inject.internal.InternalInjectorCreator$1.call(InternalInjectorCreator.java:198) [com.google.inject_3.0.0.v201203062045.jar:na]
	at com.google.inject.internal.InjectorImpl.callInContext(InjectorImpl.java:1024) [com.google.inject_3.0.0.v201203062045.jar:na]
	at com.google.inject.internal.InternalInjectorCreator.loadEagerSingletons(InternalInjectorCreator.java:198) [com.google.inject_3.0.0.v201203062045.jar:na]
	at com.google.inject.internal.InternalInjectorCreator.injectDynamically(InternalInjectorCreator.java:179) [com.google.inject_3.0.0.v201203062045.jar:na]
	at com.google.inject.internal.InternalInjectorCreator.build(InternalInjectorCreator.java:109) [com.google.inject_3.0.0.v201203062045.jar:na]
	at com.google.inject.Guice.createInjector(Guice.java:95) [com.google.inject_3.0.0.v201203062045.jar:na]
	at com.google.inject.Guice.createInjector(Guice.java:72) [com.google.inject_3.0.0.v201203062045.jar:na]
	at org.eclipse.recommenders.injection.InjectionService.getInjector(InjectionService.java:47) [org.eclipse.recommenders.injection_1.0.3.v20130211-0152-b208.jar:na]
	at org.eclipse.recommenders.injection.ExtensionFactory.<init>(ExtensionFactory.java:28) [org.eclipse.recommenders.injection_1.0.3.v20130211-0152-b208.jar:na]
	at sun.reflect.NativeConstructorAccessorImpl.newInstance0(Native Method) [na:1.6.0_45]
	at sun.reflect.NativeConstructorAccessorImpl.newInstance(NativeConstructorAccessorImpl.java:39) [na:1.6.0_45]
	at sun.reflect.DelegatingConstructorAccessorImpl.newInstance(DelegatingConstructorAccessorImpl.java:27) [na:1.6.0_45]
	at java.lang.reflect.Constructor.newInstance(Constructor.java:513) [na:1.6.0_45]
	at java.lang.Class.newInstance0(Class.java:357) [na:1.6.0_45]
	at java.lang.Class.newInstance(Class.java:310) [na:1.6.0_45]
	at org.eclipse.core.internal.registry.osgi.RegistryStrategyOSGI.createExecutableExtension(RegistryStrategyOSGI.java:184) [org.eclipse.equinox.registry_3.5.200.v20120522-1841.jar:na]
	at org.eclipse.core.internal.registry.ExtensionRegistry.createExecutableExtension(ExtensionRegistry.java:905) [org.eclipse.equinox.registry_3.5.200.v20120522-1841.jar:na]
	at org.eclipse.core.internal.registry.ConfigurationElement.createExecutableExtension(ConfigurationElement.java:243) [org.eclipse.equinox.registry_3.5.200.v20120522-1841.jar:na]
	at org.eclipse.core.internal.registry.ConfigurationElementHandle.createExecutableExtension(ConfigurationElementHandle.java:55) [org.eclipse.equinox.registry_3.5.200.v20120522-1841.jar:na]
	at org.eclipse.jdt.internal.ui.text.java.CompletionProposalComputerDescriptor.createComputer(CompletionProposalComputerDescriptor.java:308) [org.eclipse.jdt.ui_3.8.2.v20130107-165834.jar:na]
	at org.eclipse.jdt.internal.ui.text.java.CompletionProposalComputerDescriptor.getComputer(CompletionProposalComputerDescriptor.java:275) [org.eclipse.jdt.ui_3.8.2.v20130107-165834.jar:na]
	at org.eclipse.jdt.internal.ui.text.java.CompletionProposalComputerDescriptor.sessionStarted(CompletionProposalComputerDescriptor.java:418) [org.eclipse.jdt.ui_3.8.2.v20130107-165834.jar:na]
	at org.eclipse.jdt.internal.ui.text.java.CompletionProposalCategory.sessionStarted(CompletionProposalCategory.java:389) [org.eclipse.jdt.ui_3.8.2.v20130107-165834.jar:na]
	at org.eclipse.jdt.internal.ui.text.java.ContentAssistProcessor$CompletionListener.assistSessionStarted(ContentAssistProcessor.java:119) [org.eclipse.jdt.ui_3.8.2.v20130107-165834.jar:na]
	at org.eclipse.jface.text.contentassist.ContentAssistant.fireSessionBeginEvent(ContentAssistant.java:2221) [org.eclipse.jface.text_3.8.2.v20121126-164145.jar:na]
	at org.eclipse.jface.text.contentassist.ContentAssistant.prepareToShowCompletions(ContentAssistant.java:1696) [org.eclipse.jface.text_3.8.2.v20121126-164145.jar:na]
	at org.eclipse.jface.text.contentassist.ContentAssistant.access$6(ContentAssistant.java:1687) [org.eclipse.jface.text_3.8.2.v20121126-164145.jar:na]
	at org.eclipse.jface.text.contentassist.ContentAssistant$2.run(ContentAssistant.java:376) [org.eclipse.jface.text_3.8.2.v20121126-164145.jar:na]
	at org.eclipse.swt.widgets.RunnableLock.run(RunnableLock.java:35) [org.eclipse.swt.cocoa.macosx_3.100.1.v4236b.jar:na]
	at org.eclipse.swt.widgets.Synchronizer.runAsyncMessages(Synchronizer.java:135) [org.eclipse.swt.cocoa.macosx_3.100.1.v4236b.jar:na]
	at org.eclipse.swt.widgets.Display.runAsyncMessages(Display.java:3946) [org.eclipse.swt.cocoa.macosx_3.100.1.v4236b.jar:na]
	at org.eclipse.swt.widgets.Display.readAndDispatch(Display.java:3623) [org.eclipse.swt.cocoa.macosx_3.100.1.v4236b.jar:na]
	at org.eclipse.e4.ui.internal.workbench.swt.PartRenderingEngine$9.run(PartRenderingEngine.java:1053) [org.eclipse.e4.ui.workbench.swt_0.10.3.v20130124-133900.jar:na]
	at org.eclipse.core.databinding.observable.Realm.runWithDefault(Realm.java:332) [org.eclipse.core.databinding.observable_1.4.1.v20120521-2329.jar:na]
	at org.eclipse.e4.ui.internal.workbench.swt.PartRenderingEngine.run(PartRenderingEngine.java:942) [org.eclipse.e4.ui.workbench.swt_0.10.3.v20130124-133900.jar:na]
	at org.eclipse.e4.ui.internal.workbench.E4Workbench.createAndRunUI(E4Workbench.java:86) [org.eclipse.e4.ui.workbench_0.11.0.v20130125-100758.jar:na]
	at org.eclipse.ui.internal.Workbench$5.run(Workbench.java:588) [org.eclipse.ui.workbench_3.104.0.v20130204-164612.jar:na]
	at org.eclipse.core.databinding.observable.Realm.runWithDefault(Realm.java:332) [org.eclipse.core.databinding.observable_1.4.1.v20120521-2329.jar:na]
	at org.eclipse.ui.internal.Workbench.createAndRunWorkbench(Workbench.java:543) [org.eclipse.ui.workbench_3.104.0.v20130204-164612.jar:na]
	at org.eclipse.ui.PlatformUI.createAndRunWorkbench(PlatformUI.java:149) [org.eclipse.ui.workbench_3.104.0.v20130204-164612.jar:na]
	at org.eclipse.ui.internal.ide.application.IDEApplication.start(IDEApplication.java:124) [org.eclipse.ui.ide.application_1.0.400.v20120523-1955.jar:na]
	at org.eclipse.equinox.internal.app.EclipseAppHandle.run(EclipseAppHandle.java:196) [org.eclipse.equinox.app_1.3.100.v20120522-1841.jar:na]
	at org.eclipse.core.runtime.internal.adaptor.EclipseAppLauncher.runApplication(EclipseAppLauncher.java:110) [org.eclipse.osgi_3.8.2.v20130124-134944.jar:na]
	at org.eclipse.core.runtime.internal.adaptor.EclipseAppLauncher.start(EclipseAppLauncher.java:79) [org.eclipse.osgi_3.8.2.v20130124-134944.jar:na]
	at org.eclipse.core.runtime.adaptor.EclipseStarter.run(EclipseStarter.java:353) [org.eclipse.osgi_3.8.2.v20130124-134944.jar:na]
	at org.eclipse.core.runtime.adaptor.EclipseStarter.run(EclipseStarter.java:180) [org.eclipse.osgi_3.8.2.v20130124-134944.jar:na]
	at sun.reflect.NativeMethodAccessorImpl.invoke0(Native Method) ~[na:1.6.0_45]
	at sun.reflect.NativeMethodAccessorImpl.invoke(NativeMethodAccessorImpl.java:39) ~[na:1.6.0_45]
	at sun.reflect.DelegatingMethodAccessorImpl.invoke(DelegatingMethodAccessorImpl.java:25) ~[na:1.6.0_45]
	at java.lang.reflect.Method.invoke(Method.java:597) ~[na:1.6.0_45]
	at org.eclipse.equinox.launcher.Main.invokeFramework(Main.java:629) [org.eclipse.equinox.launcher_1.3.0.v20120522-1813.jar:na]
	at org.eclipse.equinox.launcher.Main.basicRun(Main.java:584) [org.eclipse.equinox.launcher_1.3.0.v20120522-1813.jar:na]
	at org.eclipse.equinox.launcher.Main.run(Main.java:1438) [org.eclipse.equinox.launcher_1.3.0.v20120522-1813.jar:na]
2013-06-08 20:46:19,091 [pool-8-thread-1] INFO  c.n.h.c.p.n.NettyAsyncHttpProvider - Number of application's worked threads is 16
2013-08-21 19:02:15,314 [main] INFO  c.n.h.c.p.n.NettyAsyncHttpProvider - Number of application's worked threads is 16
2013-08-22 23:25:08,215 [main] INFO  c.n.h.c.p.n.NettyAsyncHttpProvider - Number of application's worked threads is 16
